<?xml version="1.0" encoding="UTF-8"?>
<!-- Generated by org.testng.reporters.JUnitReportReporter -->
<testsuite hostname="Rudranshlaptop" failures="0" tests="3" name="TestNG.FirstTest" time="0.015" errors="0" timestamp="2023-05-18T23:06:46 IST" skipped="0">
  <testcase classname="TestNG.FirstTest" name="openapp" time="0.013"/>
  <system-out/>
  <testcase classname="TestNG.FirstTest" name="login" time="0.001"/>
  <system-out/>
  <testcase classname="TestNG.FirstTest" name="logout" time="0.001"/>
  <system-out/>
</testsuite> <!-- TestNG.FirstTest -->
