<?xml version="1.0" encoding="UTF-8"?>
<!-- Generated by org.testng.reporters.JUnitReportReporter -->
<testsuite hostname="Rudranshlaptop" failures="0" tests="9" name="Project_cognizant.Test_function" time="2.752" errors="0" timestamp="2023-05-19T01:36:02 IST" skipped="0">
  <testcase classname="Project_cognizant.Test_function" name="open_page" time="0.988"/>
  <system-out/>
  <testcase classname="Project_cognizant.Test_function" name="car_type" time="0.186"/>
  <system-out/>
  <testcase classname="Project_cognizant.Test_function" name="colour" time="0.174"/>
  <system-out/>
  <testcase classname="Project_cognizant.Test_function" name="click" time="0.163"/>
  <system-out/>
  <testcase classname="Project_cognizant.Test_function" name="sensor" time="0.166"/>
  <system-out/>
  <testcase classname="Project_cognizant.Test_function" name="help" time="0.252"/>
  <system-out/>
  <testcase classname="Project_cognizant.Test_function" name="chat" time="0.314"/>
  <system-out/>
  <testcase classname="Project_cognizant.Test_function" name="visit" time="0.288"/>
  <system-out/>
  <testcase classname="Project_cognizant.Test_function" name="validation" time="0.221"/>
  <system-out/>
</testsuite> <!-- Project_cognizant.Test_function -->
