<?xml version="1.0" encoding="UTF-8"?>
<!-- Generated by org.testng.reporters.JUnitReportReporter -->
<testsuite hostname="Rudranshlaptop" failures="0" tests="4" name="parallel.ParamTest" time="0.093" errors="0" timestamp="2023-05-20T14:40:07 IST" skipped="0">
  <testcase classname="parallel.ParamTest" name="testLogo" time="0.043"/>
  <system-out/>
  <testcase classname="parallel.ParamTest" name="testLogo" time="0.032"/>
  <system-out/>
  <testcase classname="parallel.ParamTest" name="testHomePageTitle" time="0.008"/>
  <system-out/>
  <testcase classname="parallel.ParamTest" name="testHomePageTitle" time="0.010"/>
  <system-out/>
</testsuite> <!-- parallel.ParamTest -->
