<?xml version="1.0" encoding="UTF-8"?>
<!-- Generated by org.testng.reporters.JUnitReportReporter -->
<testsuite hostname="Rudranshlaptop" failures="0" tests="2" name="Annotation_dependencies.AnnotationsDemo1" time="0.010" errors="0" timestamp="2023-05-19T19:36:20 IST" skipped="0">
  <testcase classname="Annotation_dependencies.AnnotationsDemo1" name="search" time="0.004"/>
  <system-out/>
  <testcase classname="Annotation_dependencies.AnnotationsDemo1" name="advacedsearch" time="0.006"/>
  <system-out/>
</testsuite> <!-- Annotation_dependencies.AnnotationsDemo1 -->
