<?xml version="1.0" encoding="UTF-8"?>
<!-- Generated by org.testng.reporters.JUnitReportReporter -->
<testsuite hostname="Rudranshlaptop" failures="0" tests="2" name="annotation.b" time="0.005" errors="0" timestamp="2023-05-19T21:46:11 IST" skipped="0">
  <testcase classname="annotation.b" name="search" time="0.004"/>
  <system-out/>
  <testcase classname="annotation.b" name="advacedsearch" time="0.001"/>
  <system-out/>
</testsuite> <!-- annotation.b -->
