<?xml version="1.0" encoding="UTF-8"?>
<!-- Generated by org.testng.reporters.JUnitReportReporter -->
<testsuite hostname="Rudranshlaptop" failures="0" tests="2" name="Annotation_dependencies.AllAnnotations" time="0.007" errors="0" timestamp="2023-05-19T19:36:38 IST" skipped="0">
  <testcase classname="Annotation_dependencies.AllAnnotations" name="tm1" time="0.005"/>
  <system-out/>
  <testcase classname="Annotation_dependencies.AllAnnotations" name="tm2" time="0.002"/>
  <system-out/>
</testsuite> <!-- Annotation_dependencies.AllAnnotations -->
