<?xml version="1.0" encoding="UTF-8"?>
<!-- Generated by org.testng.reporters.JUnitReportReporter -->
<testsuite hostname="Rudranshlaptop" failures="0" tests="10" name="parallel.InvocationCountDemo" time="0.019" errors="0" timestamp="2023-06-09T16:38:26 IST" skipped="0">
  <testcase classname="parallel.InvocationCountDemo" name="test" time="0.008"/>
  <system-out/>
  <testcase classname="parallel.InvocationCountDemo" name="test" time="0.002"/>
  <system-out/>
  <testcase classname="parallel.InvocationCountDemo" name="test" time="0.002"/>
  <system-out/>
  <testcase classname="parallel.InvocationCountDemo" name="test" time="0.002"/>
  <system-out/>
  <testcase classname="parallel.InvocationCountDemo" name="test" time="0.001"/>
  <system-out/>
  <testcase classname="parallel.InvocationCountDemo" name="test" time="0.001"/>
  <system-out/>
  <testcase classname="parallel.InvocationCountDemo" name="test" time="0.001"/>
  <system-out/>
  <testcase classname="parallel.InvocationCountDemo" name="test" time="0.000"/>
  <system-out/>
  <testcase classname="parallel.InvocationCountDemo" name="test" time="0.001"/>
  <system-out/>
  <testcase classname="parallel.InvocationCountDemo" name="test" time="0.001"/>
  <system-out/>
</testsuite> <!-- parallel.InvocationCountDemo -->
