<?xml version="1.0" encoding="UTF-8"?>
<!-- Generated by org.testng.reporters.JUnitReportReporter -->
<testsuite hostname="Rudranshlaptop" failures="0" tests="9" name="Project_cognizant.Test_function" time="2.602" errors="0" timestamp="2023-05-19T20:46:27 IST" skipped="0">
  <testcase classname="Project_cognizant.Test_function" name="open_page" time="0.872"/>
  <system-out/>
  <testcase classname="Project_cognizant.Test_function" name="car_type" time="0.188"/>
  <system-out/>
  <testcase classname="Project_cognizant.Test_function" name="colour" time="0.156"/>
  <system-out/>
  <testcase classname="Project_cognizant.Test_function" name="click" time="0.158"/>
  <system-out/>
  <testcase classname="Project_cognizant.Test_function" name="sensor" time="0.157"/>
  <system-out/>
  <testcase classname="Project_cognizant.Test_function" name="help" time="0.251"/>
  <system-out/>
  <testcase classname="Project_cognizant.Test_function" name="chat" time="0.278"/>
  <system-out/>
  <testcase classname="Project_cognizant.Test_function" name="visit" time="0.311"/>
  <system-out/>
  <testcase classname="Project_cognizant.Test_function" name="validation" time="0.231"/>
  <system-out/>
</testsuite> <!-- Project_cognizant.Test_function -->
