<?xml version="1.0" encoding="UTF-8"?>
<!-- Generated by org.testng.reporters.JUnitReportReporter -->
<testsuite hostname="Rudranshlaptop" failures="0" tests="9" name="Mini_Project.project_test" time="3.599" errors="0" timestamp="2023-05-27T22:13:45 IST" skipped="0">
  <testcase classname="Mini_Project.project_test" name="open_page" time="1.039"/>
  <system-out/>
  <testcase classname="Mini_Project.project_test" name="car_type" time="0.834"/>
  <system-out/>
  <testcase classname="Mini_Project.project_test" name="colour" time="0.208"/>
  <system-out/>
  <testcase classname="Mini_Project.project_test" name="click" time="0.164"/>
  <system-out/>
  <testcase classname="Mini_Project.project_test" name="sensor" time="0.200"/>
  <system-out/>
  <testcase classname="Mini_Project.project_test" name="help" time="0.345"/>
  <system-out/>
  <testcase classname="Mini_Project.project_test" name="chat" time="0.334"/>
  <system-out/>
  <testcase classname="Mini_Project.project_test" name="visit" time="0.249"/>
  <system-out/>
  <testcase classname="Mini_Project.project_test" name="validation" time="0.226"/>
  <system-out/>
</testsuite> <!-- Mini_Project.project_test -->
